<?xml version="1.0" encoding="UTF-8"?>
<TestRun id="e7d7c496-6ca8-4e92-bc10-2463934dcda4" name="cytrusTestRun" runUser="luci-laptop\lucian" xmlns="http://microsoft.com/schemas/VisualStudio/TeamTest/2006">
  <TestRunConfiguration name="Local Test Run" id="9d25af87-5548-4534-a046-463fdeadd3aa">
    <Description>Cytrus Test Configuration</Description>
    <Deployment runDeploymentRoot="D:\B.Sc_Work\Work\src\TestResults\cytrusTestRun">
      <DeploymentItem filename="CytrusAlgLib\bin\CytrusAlgLib.dll" />
      <DeploymentItem filename="d:\B.Sc_Work\Work\src\CytrusManagedLib\bin\CytrusManagedLib.dll" />
      <DeploymentItem filename="CytrusModuleTesting\bin\Release\" />
      <DeploymentItem filename="WebCamLib\bin\WebCamLib.dll" />
    </Deployment>
    <NamingScheme baseName="cytrusTestRun" appendTimeStamp="false" useDefault="false" />
    <TestTypeSpecific>
      <WebTestRunConfiguration testTypeId="4e7599fa-5ecb-43e9-a887-cd63cf72d207">
        <Browser name="Internet Explorer 7.0">
          <Headers>
            <Header name="User-Agent" value="Mozilla/4.0 (compatible; MSIE 7.0; Windows NT 5.1)" />
            <Header name="Accept" value="*/*" />
            <Header name="Accept-Language" value="{{$IEAcceptLanguage}}" />
            <Header name="Accept-Encoding" value="GZIP" />
          </Headers>
        </Browser>
        <Network Name="LAN" BandwidthInKbps="0" />
      </WebTestRunConfiguration>
    </TestTypeSpecific>
  </TestRunConfiguration>
  <ResultSummary outcome="Completed">
    <Counters total="7" executed="7" passed="7" error="0" failed="0" timeout="0" aborted="0" inconclusive="0" passedButRunAborted="0" notRunnable="0" notExecuted="0" disconnected="0" warning="0" completed="0" inProgress="0" pending="0" />
  </ResultSummary>
  <Times creation="2009-07-14T16:23:49.1995000+03:00" queuing="2009-07-14T16:23:51.0905000+03:00" start="2009-07-14T16:23:51.3145000+03:00" finish="2009-07-14T16:25:01.6025000+03:00" />
  <TestDefinitions>
    <UnitTest name="CameraManagerInit" storage="d:\b.sc_work\work\src\cytrusmoduletesting\bin\release\cytrusmoduletesting.dll" id="98236cd9-bae3-cd3a-a165-7ebc35607352">
      <Css projectStructure="" iteration="" />
      <Owners>
        <Owner name="" />
      </Owners>
      <Execution id="b2a3dfe5-de49-4002-8b86-5c9508c6314a" />
      <TestMethod codeBase="D:\B.Sc_Work\Work\src\CytrusModuleTesting\bin\Release\CytrusModuleTesting.dll" adapterTypeName="Microsoft.VisualStudio.TestTools.TestTypes.Unit.UnitTestAdapter, Microsoft.VisualStudio.QualityTools.Tips.UnitTest.Adapter, Version=9.0.0.0, Culture=neutral, PublicKeyToken=b03f5f7f11d50a3a" className="CytrusModuleTesting.CytrusManagersTest, CytrusModuleTesting" name="CameraManagerInit" />
    </UnitTest>
    <UnitTest name="StaticImage_SurfRun_MemoryAlloc_Dealloc_Stress50" storage="d:\b.sc_work\work\src\cytrusmoduletesting\bin\release\cytrusmoduletesting.dll" id="2627ad0e-4efc-3474-508d-20833fd5b644">
      <Css projectStructure="" iteration="" />
      <Owners>
        <Owner name="" />
      </Owners>
      <Execution id="00944712-5e96-4417-a4ef-c3899f9f79e8" />
      <TestMethod codeBase="D:\B.Sc_Work\Work\src\CytrusModuleTesting\bin\Release\CytrusModuleTesting.dll" adapterTypeName="Microsoft.VisualStudio.TestTools.TestTypes.Unit.UnitTestAdapter, Microsoft.VisualStudio.QualityTools.Tips.UnitTest.Adapter, Version=9.0.0.0, Culture=neutral, PublicKeyToken=b03f5f7f11d50a3a" className="CytrusModuleTesting.CytrusManagersTest, CytrusModuleTesting" name="StaticImage_SurfRun_MemoryAlloc_Dealloc_Stress50" />
    </UnitTest>
    <UnitTest name="FileManagerInit" storage="d:\b.sc_work\work\src\cytrusmoduletesting\bin\release\cytrusmoduletesting.dll" id="0207bbea-a9bd-6502-d7f6-90569ba6c1ff">
      <Css projectStructure="" iteration="" />
      <Owners>
        <Owner name="" />
      </Owners>
      <Execution id="f80a90bc-3bc2-4a81-a7d5-4b3036c048a6" />
      <TestMethod codeBase="D:\B.Sc_Work\Work\src\CytrusModuleTesting\bin\Release\CytrusModuleTesting.dll" adapterTypeName="Microsoft.VisualStudio.TestTools.TestTypes.Unit.UnitTestAdapter, Microsoft.VisualStudio.QualityTools.Tips.UnitTest.Adapter, Version=9.0.0.0, Culture=neutral, PublicKeyToken=b03f5f7f11d50a3a" className="CytrusModuleTesting.CytrusManagersTest, CytrusModuleTesting" name="FileManagerInit" />
    </UnitTest>
    <UnitTest name="FPSTestRun" storage="d:\b.sc_work\work\src\cytrusmoduletesting\bin\release\cytrusmoduletesting.dll" id="3350d095-8eb7-36d1-191c-578abe866059">
      <Css projectStructure="" iteration="" />
      <Owners>
        <Owner name="" />
      </Owners>
      <Execution id="6474b6e5-4ae5-4c2f-a07a-a13835e00d49" />
      <TestMethod codeBase="D:\B.Sc_Work\Work\src\CytrusModuleTesting\bin\Release\CytrusModuleTesting.dll" adapterTypeName="Microsoft.VisualStudio.TestTools.TestTypes.Unit.UnitTestAdapter, Microsoft.VisualStudio.QualityTools.Tips.UnitTest.Adapter, Version=9.0.0.0, Culture=neutral, PublicKeyToken=b03f5f7f11d50a3a" className="CytrusModuleTesting.CytrusManagersTest, CytrusModuleTesting" name="FPSTestRun" />
    </UnitTest>
    <UnitTest name="SURFRun_StaticImage_Large" storage="d:\b.sc_work\work\src\cytrusmoduletesting\bin\release\cytrusmoduletesting.dll" id="0016d7b3-6273-3db7-fa25-3203675c9ecf">
      <Css projectStructure="" iteration="" />
      <Owners>
        <Owner name="" />
      </Owners>
      <Execution id="f4bf6e6c-0293-48bb-83de-59cf73b75b3a" />
      <TestMethod codeBase="D:\B.Sc_Work\Work\src\CytrusModuleTesting\bin\Release\CytrusModuleTesting.dll" adapterTypeName="Microsoft.VisualStudio.TestTools.TestTypes.Unit.UnitTestAdapter, Microsoft.VisualStudio.QualityTools.Tips.UnitTest.Adapter, Version=9.0.0.0, Culture=neutral, PublicKeyToken=b03f5f7f11d50a3a" className="CytrusModuleTesting.CytrusManagersTest, CytrusModuleTesting" name="SURFRun_StaticImage_Large" />
    </UnitTest>
    <UnitTest name="StaticImage_ReadTest_Lenna" storage="d:\b.sc_work\work\src\cytrusmoduletesting\bin\release\cytrusmoduletesting.dll" id="737a36f2-79e2-69f4-c31f-cc6ad64d2711">
      <Css projectStructure="" iteration="" />
      <Owners>
        <Owner name="" />
      </Owners>
      <Execution id="86f0a05f-7891-428b-badb-c1fec15af1de" />
      <TestMethod codeBase="D:\B.Sc_Work\Work\src\CytrusModuleTesting\bin\Release\CytrusModuleTesting.dll" adapterTypeName="Microsoft.VisualStudio.TestTools.TestTypes.Unit.UnitTestAdapter, Microsoft.VisualStudio.QualityTools.Tips.UnitTest.Adapter, Version=9.0.0.0, Culture=neutral, PublicKeyToken=b03f5f7f11d50a3a" className="CytrusModuleTesting.CytrusManagersTest, CytrusModuleTesting" name="StaticImage_ReadTest_Lenna" />
    </UnitTest>
    <UnitTest name="SURFRun_StaticImage_Lenna" storage="d:\b.sc_work\work\src\cytrusmoduletesting\bin\release\cytrusmoduletesting.dll" id="876a8878-4ff9-d5a3-c8cc-e211557ab636">
      <Css projectStructure="" iteration="" />
      <Owners>
        <Owner name="" />
      </Owners>
      <Execution id="ec8963e2-6876-4ff5-9536-ba68361fa077" />
      <TestMethod codeBase="D:\B.Sc_Work\Work\src\CytrusModuleTesting\bin\Release\CytrusModuleTesting.dll" adapterTypeName="Microsoft.VisualStudio.TestTools.TestTypes.Unit.UnitTestAdapter, Microsoft.VisualStudio.QualityTools.Tips.UnitTest.Adapter, Version=9.0.0.0, Culture=neutral, PublicKeyToken=b03f5f7f11d50a3a" className="CytrusModuleTesting.CytrusManagersTest, CytrusModuleTesting" name="SURFRun_StaticImage_Lenna" />
    </UnitTest>
  </TestDefinitions>
  <TestLists>
    <TestList name="Results Not in a List" id="8c84fa94-04c1-424b-9868-57a2d4851a1d" />
    <TestList name="All Loaded Results" id="19431567-8539-422a-85d7-44ee4e166bda" />
  </TestLists>
  <TestEntries>
    <TestEntry testId="0016d7b3-6273-3db7-fa25-3203675c9ecf" executionId="f4bf6e6c-0293-48bb-83de-59cf73b75b3a" testListId="8c84fa94-04c1-424b-9868-57a2d4851a1d" />
    <TestEntry testId="0207bbea-a9bd-6502-d7f6-90569ba6c1ff" executionId="f80a90bc-3bc2-4a81-a7d5-4b3036c048a6" testListId="8c84fa94-04c1-424b-9868-57a2d4851a1d" />
    <TestEntry testId="2627ad0e-4efc-3474-508d-20833fd5b644" executionId="00944712-5e96-4417-a4ef-c3899f9f79e8" testListId="8c84fa94-04c1-424b-9868-57a2d4851a1d" />
    <TestEntry testId="3350d095-8eb7-36d1-191c-578abe866059" executionId="6474b6e5-4ae5-4c2f-a07a-a13835e00d49" testListId="8c84fa94-04c1-424b-9868-57a2d4851a1d" />
    <TestEntry testId="737a36f2-79e2-69f4-c31f-cc6ad64d2711" executionId="86f0a05f-7891-428b-badb-c1fec15af1de" testListId="8c84fa94-04c1-424b-9868-57a2d4851a1d" />
    <TestEntry testId="876a8878-4ff9-d5a3-c8cc-e211557ab636" executionId="ec8963e2-6876-4ff5-9536-ba68361fa077" testListId="8c84fa94-04c1-424b-9868-57a2d4851a1d" />
    <TestEntry testId="98236cd9-bae3-cd3a-a165-7ebc35607352" executionId="b2a3dfe5-de49-4002-8b86-5c9508c6314a" testListId="8c84fa94-04c1-424b-9868-57a2d4851a1d" />
  </TestEntries>
  <Results>
    <UnitTestResult executionId="f4bf6e6c-0293-48bb-83de-59cf73b75b3a" testId="0016d7b3-6273-3db7-fa25-3203675c9ecf" testName="SURFRun_StaticImage_Large" computerName="LUCI-LAPTOP" duration="00:00:03.6493451" startTime="2009-07-14T16:23:51.3705000+03:00" endTime="2009-07-14T16:23:56.1025000+03:00" testType="13cdc9d9-ddb5-4fa4-a97d-d965ccfc6d4b" outcome="Passed" testListId="8c84fa94-04c1-424b-9868-57a2d4851a1d">
      <Output>
      </Output>
    </UnitTestResult>
    <UnitTestResult executionId="f80a90bc-3bc2-4a81-a7d5-4b3036c048a6" testId="0207bbea-a9bd-6502-d7f6-90569ba6c1ff" testName="FileManagerInit" computerName="LUCI-LAPTOP" duration="00:00:00.0448472" startTime="2009-07-14T16:23:56.1045000+03:00" endTime="2009-07-14T16:23:56.1555000+03:00" testType="13cdc9d9-ddb5-4fa4-a97d-d965ccfc6d4b" outcome="Passed" testListId="8c84fa94-04c1-424b-9868-57a2d4851a1d">
      <Output>
      </Output>
    </UnitTestResult>
    <UnitTestResult executionId="00944712-5e96-4417-a4ef-c3899f9f79e8" testId="2627ad0e-4efc-3474-508d-20833fd5b644" testName="StaticImage_SurfRun_MemoryAlloc_Dealloc_Stress50" computerName="LUCI-LAPTOP" duration="00:00:51.2007577" startTime="2009-07-14T16:23:56.1585000+03:00" endTime="2009-07-14T16:24:47.3585000+03:00" testType="13cdc9d9-ddb5-4fa4-a97d-d965ccfc6d4b" outcome="Passed" testListId="8c84fa94-04c1-424b-9868-57a2d4851a1d">
      <Output>
      </Output>
    </UnitTestResult>
    <UnitTestResult executionId="6474b6e5-4ae5-4c2f-a07a-a13835e00d49" testId="3350d095-8eb7-36d1-191c-578abe866059" testName="FPSTestRun" computerName="LUCI-LAPTOP" duration="00:00:11.6368928" startTime="2009-07-14T16:24:47.3605000+03:00" endTime="2009-07-14T16:24:59.0015000+03:00" testType="13cdc9d9-ddb5-4fa4-a97d-d965ccfc6d4b" outcome="Passed" testListId="8c84fa94-04c1-424b-9868-57a2d4851a1d">
      <Output>
      </Output>
    </UnitTestResult>
    <UnitTestResult executionId="86f0a05f-7891-428b-badb-c1fec15af1de" testId="737a36f2-79e2-69f4-c31f-cc6ad64d2711" testName="StaticImage_ReadTest_Lenna" computerName="LUCI-LAPTOP" duration="00:00:00.4880306" startTime="2009-07-14T16:24:59.0065000+03:00" endTime="2009-07-14T16:24:59.4985000+03:00" testType="13cdc9d9-ddb5-4fa4-a97d-d965ccfc6d4b" outcome="Passed" testListId="8c84fa94-04c1-424b-9868-57a2d4851a1d">
      <Output>
      </Output>
    </UnitTestResult>
    <UnitTestResult executionId="ec8963e2-6876-4ff5-9536-ba68361fa077" testId="876a8878-4ff9-d5a3-c8cc-e211557ab636" testName="SURFRun_StaticImage_Lenna" computerName="LUCI-LAPTOP" duration="00:00:00.4987425" startTime="2009-07-14T16:24:59.4995000+03:00" endTime="2009-07-14T16:25:00.0015000+03:00" testType="13cdc9d9-ddb5-4fa4-a97d-d965ccfc6d4b" outcome="Passed" testListId="8c84fa94-04c1-424b-9868-57a2d4851a1d">
      <Output>
      </Output>
    </UnitTestResult>
    <UnitTestResult executionId="b2a3dfe5-de49-4002-8b86-5c9508c6314a" testId="98236cd9-bae3-cd3a-a165-7ebc35607352" testName="CameraManagerInit" computerName="LUCI-LAPTOP" duration="00:00:01.5122856" startTime="2009-07-14T16:25:00.0055000+03:00" endTime="2009-07-14T16:25:01.5375000+03:00" testType="13cdc9d9-ddb5-4fa4-a97d-d965ccfc6d4b" outcome="Passed" testListId="8c84fa94-04c1-424b-9868-57a2d4851a1d">
      <Output>
      </Output>
    </UnitTestResult>
  </Results>
</TestRun>